<?xml version="1.0" encoding="UTF-8"?>
<!-- Generated by org.testng.reporters.JUnitReportReporter -->
<testsuite skipped="0" hostname="LAPTOP-LNAKMP27" name="com.simantika.weather_reporting_comparator.WebTest" tests="1" failures="0" timestamp="14 Oct 2020 12:10:15 GMT" time="88.925" errors="0">
  <testcase name="validatePresenceCityandTemperature" time="88.925" classname="com.simantika.weather_reporting_comparator.WebTest"/>
</testsuite> <!-- com.simantika.weather_reporting_comparator.WebTest -->
