<?xml version="1.0" encoding="UTF-8"?>
<!-- Generated by org.testng.reporters.JUnitReportReporter -->
<testsuite skipped="0" hostname="LAPTOP-LNAKMP27" name="com.simantika.weather_reporting_comparator.ApiTest" tests="2" failures="0" timestamp="16 Oct 2020 06:16:01 GMT" time="40.853" errors="0">
  <testcase name="validatePresenceCityandTemperature" time="38.353" classname="com.simantika.weather_reporting_comparator.ApiTest"/>
  <testcase name="getCityTemp" time="2.500" classname="com.simantika.weather_reporting_comparator.ApiTest"/>
</testsuite> <!-- com.simantika.weather_reporting_comparator.ApiTest -->
